<?xml version="1.0" encoding="UTF-8"?>
<coverage generated="1549344114241" clover="3.2.0">
  <project timestamp="1549344114242" name="All files">
    <metrics statements="25" coveredstatements="24" conditionals="4" coveredconditionals="3" methods="9" coveredmethods="9" elements="38" coveredelements="36" complexity="0" loc="25" ncloc="25" packages="1" files="3" classes="3"/>
    <file name="Beat.js" path="C:\dev\src\polyrhythmplayground\src\js\models\Beat.js">
      <metrics statements="6" coveredstatements="6" conditionals="0" coveredconditionals="0" methods="3" coveredmethods="3"/>
      <line num="7" count="83" type="stmt"/>
      <line num="8" count="83" type="stmt"/>
      <line num="16" count="2" type="stmt"/>
      <line num="17" count="2" type="stmt"/>
      <line num="24" count="1" type="stmt"/>
      <line num="25" count="1" type="stmt"/>
    </file>
    <file name="Measure.js" path="C:\dev\src\polyrhythmplayground\src\js\models\Measure.js">
      <metrics statements="3" coveredstatements="3" conditionals="0" coveredconditionals="0" methods="1" coveredmethods="1"/>
      <line num="11" count="8" type="stmt"/>
      <line num="13" count="8" type="stmt"/>
      <line num="14" count="80" type="stmt"/>
    </file>
    <file name="Track.js" path="C:\dev\src\polyrhythmplayground\src\js\models\Track.js">
      <metrics statements="16" coveredstatements="15" conditionals="4" coveredconditionals="3" methods="5" coveredmethods="5"/>
      <line num="14" count="4" type="stmt"/>
      <line num="15" count="4" type="stmt"/>
      <line num="16" count="4" type="stmt"/>
      <line num="18" count="4" type="stmt"/>
      <line num="20" count="4" type="stmt"/>
      <line num="22" count="4" type="stmt"/>
      <line num="23" count="7" type="stmt"/>
      <line num="33" count="1" type="stmt"/>
      <line num="34" count="1" type="stmt"/>
      <line num="35" count="8" type="stmt"/>
      <line num="36" count="8" type="stmt"/>
      <line num="37" count="8" type="cond" truecount="1" falsecount="1"/>
      <line num="38" count="0" type="stmt"/>
      <line num="53" count="34" type="stmt"/>
      <line num="54" count="34" type="cond" truecount="2" falsecount="0"/>
      <line num="55" count="34" type="stmt"/>
    </file>
  </project>
</coverage>
