{"C:\\dev\\src\\polyrhythmplayground\\src\\js\\models\\Beat.js": {"path":"C:\\dev\\src\\polyrhythmplayground\\src\\js\\models\\Beat.js","statementMap":{"0":{"start":{"line":7,"column":4},"end":{"line":7,"column":27}},"1":{"start":{"line":8,"column":4},"end":{"line":8,"column":30}},"2":{"start":{"line":16,"column":4},"end":{"line":16,"column":26}},"3":{"start":{"line":17,"column":4},"end":{"line":17,"column":30}},"4":{"start":{"line":24,"column":4},"end":{"line":24,"column":27}},"5":{"start":{"line":25,"column":4},"end":{"line":25,"column":30}}},"fnMap":{"0":{"name":"(anonymous_0)","decl":{"start":{"line":6,"column":2},"end":{"line":6,"column":3}},"loc":{"start":{"line":6,"column":17},"end":{"line":9,"column":3}},"line":6},"1":{"name":"(anonymous_1)","decl":{"start":{"line":15,"column":2},"end":{"line":15,"column":3}},"loc":{"start":{"line":15,"column":19},"end":{"line":18,"column":3}},"line":15},"2":{"name":"(anonymous_2)","decl":{"start":{"line":23,"column":2},"end":{"line":23,"column":3}},"loc":{"start":{"line":23,"column":17},"end":{"line":26,"column":3}},"line":23}},"branchMap":{},"s":{"0":91,"1":91,"2":6,"3":6,"4":1,"5":1},"f":{"0":91,"1":6,"2":1},"b":{},"_coverageSchema":"43e27e138ebf9cfc5966b082cf9a028302ed4184","hash":"fec86d7e4cfb99945e593e8b3242c1b61086b093"}
,"C:\\dev\\src\\polyrhythmplayground\\src\\js\\models\\Measure.js": {"path":"C:\\dev\\src\\polyrhythmplayground\\src\\js\\models\\Measure.js","statementMap":{"0":{"start":{"line":11,"column":4},"end":{"line":11,"column":20}},"1":{"start":{"line":13,"column":4},"end":{"line":15,"column":5}},"2":{"start":{"line":13,"column":17},"end":{"line":13,"column":18}},"3":{"start":{"line":14,"column":6},"end":{"line":14,"column":34}}},"fnMap":{"0":{"name":"(anonymous_0)","decl":{"start":{"line":10,"column":2},"end":{"line":10,"column":3}},"loc":{"start":{"line":10,"column":20},"end":{"line":17,"column":3}},"line":10}},"branchMap":{},"s":{"0":10,"1":10,"2":10,"3":88},"f":{"0":10},"b":{},"_coverageSchema":"43e27e138ebf9cfc5966b082cf9a028302ed4184","hash":"1a7ce4397c5aac964ef9f4030dfeaea59879dc39"}
,"C:\\dev\\src\\polyrhythmplayground\\src\\js\\models\\Track.js": {"path":"C:\\dev\\src\\polyrhythmplayground\\src\\js\\models\\Track.js","statementMap":{"0":{"start":{"line":14,"column":4},"end":{"line":14,"column":35}},"1":{"start":{"line":15,"column":4},"end":{"line":15,"column":29}},"2":{"start":{"line":16,"column":4},"end":{"line":16,"column":37}},"3":{"start":{"line":18,"column":4},"end":{"line":18,"column":23}},"4":{"start":{"line":20,"column":18},"end":{"line":20,"column":44}},"5":{"start":{"line":22,"column":4},"end":{"line":24,"column":5}},"6":{"start":{"line":22,"column":17},"end":{"line":22,"column":18}},"7":{"start":{"line":23,"column":6},"end":{"line":23,"column":45}},"8":{"start":{"line":33,"column":4},"end":{"line":41,"column":7}},"9":{"start":{"line":34,"column":6},"end":{"line":40,"column":9}},"10":{"start":{"line":35,"column":21},"end":{"line":35,"column":39}},"11":{"start":{"line":36,"column":21},"end":{"line":36,"column":74}},"12":{"start":{"line":37,"column":8},"end":{"line":39,"column":9}},"13":{"start":{"line":38,"column":10},"end":{"line":38,"column":57}},"14":{"start":{"line":53,"column":21},"end":{"line":53,"column":60}},"15":{"start":{"line":55,"column":21},"end":{"line":55,"column":22}},"16":{"start":{"line":57,"column":4},"end":{"line":59,"column":5}},"17":{"start":{"line":58,"column":6},"end":{"line":58,"column":117}},"18":{"start":{"line":61,"column":4},"end":{"line":61,"column":55}}},"fnMap":{"0":{"name":"(anonymous_0)","decl":{"start":{"line":13,"column":2},"end":{"line":13,"column":3}},"loc":{"start":{"line":13,"column":67},"end":{"line":26,"column":3}},"line":13},"1":{"name":"(anonymous_1)","decl":{"start":{"line":32,"column":2},"end":{"line":32,"column":3}},"loc":{"start":{"line":32,"column":23},"end":{"line":42,"column":3}},"line":32},"2":{"name":"(anonymous_2)","decl":{"start":{"line":33,"column":26},"end":{"line":33,"column":27}},"loc":{"start":{"line":33,"column":53},"end":{"line":41,"column":5}},"line":33},"3":{"name":"(anonymous_3)","decl":{"start":{"line":34,"column":28},"end":{"line":34,"column":29}},"loc":{"start":{"line":34,"column":49},"end":{"line":40,"column":7}},"line":34},"4":{"name":"(anonymous_4)","decl":{"start":{"line":52,"column":2},"end":{"line":52,"column":3}},"loc":{"start":{"line":52,"column":51},"end":{"line":62,"column":3}},"line":52}},"branchMap":{"0":{"loc":{"start":{"line":37,"column":8},"end":{"line":39,"column":9}},"type":"if","locations":[{"start":{"line":37,"column":8},"end":{"line":39,"column":9}},{"start":{"line":37,"column":8},"end":{"line":39,"column":9}}],"line":37},"1":{"loc":{"start":{"line":57,"column":4},"end":{"line":59,"column":5}},"type":"if","locations":[{"start":{"line":57,"column":4},"end":{"line":59,"column":5}},{"start":{"line":57,"column":4},"end":{"line":59,"column":5}}],"line":57},"2":{"loc":{"start":{"line":58,"column":19},"end":{"line":58,"column":116}},"type":"cond-expr","locations":[{"start":{"line":58,"column":49},"end":{"line":58,"column":78}},{"start":{"line":58,"column":81},"end":{"line":58,"column":116}}],"line":58}},"s":{"0":5,"1":5,"2":5,"3":5,"4":5,"5":5,"6":5,"7":9,"8":1,"9":1,"10":8,"11":8,"12":8,"13":4,"14":39,"15":39,"16":39,"17":34,"18":39},"f":{"0":5,"1":1,"2":1,"3":8,"4":39},"b":{"0":[4,4],"1":[34,5],"2":[17,17]},"_coverageSchema":"43e27e138ebf9cfc5966b082cf9a028302ed4184","hash":"7d091a7ff753151ca491a0900f0dc84dcb2ad985"}
}
