TN:
SF:C:\dev\src\polyrhythmplayground\src\js\models\Beat.js
FN:6,(anonymous_0)
FN:15,(anonymous_1)
FN:23,(anonymous_2)
FNF:3
FNH:3
FNDA:83,(anonymous_0)
FNDA:2,(anonymous_1)
FNDA:1,(anonymous_2)
DA:7,83
DA:8,83
DA:16,2
DA:17,2
DA:24,1
DA:25,1
LF:6
LH:6
BRF:0
BRH:0
end_of_record
TN:
SF:C:\dev\src\polyrhythmplayground\src\js\models\Measure.js
FN:10,(anonymous_0)
FNF:1
FNH:1
FNDA:8,(anonymous_0)
DA:11,8
DA:13,8
DA:14,80
LF:3
LH:3
BRF:0
BRH:0
end_of_record
TN:
SF:C:\dev\src\polyrhythmplayground\src\js\models\Track.js
FN:13,(anonymous_0)
FN:32,(anonymous_1)
FN:33,(anonymous_2)
FN:34,(anonymous_3)
FN:52,(anonymous_4)
FNF:5
FNH:5
FNDA:4,(anonymous_0)
FNDA:1,(anonymous_1)
FNDA:1,(anonymous_2)
FNDA:8,(anonymous_3)
FNDA:34,(anonymous_4)
DA:14,4
DA:15,4
DA:16,4
DA:18,4
DA:20,4
DA:22,4
DA:23,7
DA:33,1
DA:34,1
DA:35,8
DA:36,8
DA:37,8
DA:38,0
DA:53,34
DA:54,34
DA:55,34
LF:16
LH:15
BRDA:37,0,0,0
BRDA:37,0,1,8
BRDA:54,1,0,17
BRDA:54,1,1,17
BRF:4
BRH:3
end_of_record
