TN:
SF:C:\dev\src\polyrhythmplayground\src\js\models\Beat.js
FN:6,(anonymous_0)
FN:15,(anonymous_1)
FN:23,(anonymous_2)
FNF:3
FNH:3
FNDA:91,(anonymous_0)
FNDA:6,(anonymous_1)
FNDA:1,(anonymous_2)
DA:7,91
DA:8,91
DA:16,6
DA:17,6
DA:24,1
DA:25,1
LF:6
LH:6
BRF:0
BRH:0
end_of_record
TN:
SF:C:\dev\src\polyrhythmplayground\src\js\models\Measure.js
FN:10,(anonymous_0)
FNF:1
FNH:1
FNDA:10,(anonymous_0)
DA:11,10
DA:13,10
DA:14,88
LF:3
LH:3
BRF:0
BRH:0
end_of_record
TN:
SF:C:\dev\src\polyrhythmplayground\src\js\models\Track.js
FN:13,(anonymous_0)
FN:32,(anonymous_1)
FN:33,(anonymous_2)
FN:34,(anonymous_3)
FN:52,(anonymous_4)
FNF:5
FNH:5
FNDA:5,(anonymous_0)
FNDA:1,(anonymous_1)
FNDA:1,(anonymous_2)
FNDA:8,(anonymous_3)
FNDA:39,(anonymous_4)
DA:14,5
DA:15,5
DA:16,5
DA:18,5
DA:20,5
DA:22,5
DA:23,9
DA:33,1
DA:34,1
DA:35,8
DA:36,8
DA:37,8
DA:38,4
DA:53,39
DA:55,39
DA:57,39
DA:58,34
DA:61,39
LF:18
LH:18
BRDA:37,0,0,4
BRDA:37,0,1,4
BRDA:57,1,0,34
BRDA:57,1,1,5
BRDA:58,2,0,17
BRDA:58,2,1,17
BRF:6
BRH:6
end_of_record
